# JRE version: Java(TM) SE Runtime Environment (8.0_25-b17) (build 1.8.0_25-b17)
# Java VM: Java HotSpot(TM) 64-Bit Server VM (25.25-b02 mixed mode linux-amd64 compressed oops)
Heap:
 PSYoungGen      total 34816K, used 478K [0x00000000fab00000, 0x00000000fd880000, 0x0000000100000000)
  eden space 24576K, 1% used [0x00000000fab00000,0x00000000fab77a80,0x00000000fc300000)
  from space 10240K, 0% used [0x00000000fcd80000,0x00000000fcd80000,0x00000000fd780000)
  to   space 10752K, 0% used [0x00000000fc300000,0x00000000fc300000,0x00000000fcd80000)
 ParOldGen       total 44544K, used 29255K [0x00000000f0000000, 0x00000000f2b80000, 0x00000000fab00000)
  object space 44544K, 65% used [0x00000000f0000000,0x00000000f1c91d80,0x00000000f2b80000)
 Metaspace       used 21558K, capacity 21630K, committed 21888K, reserved 1069056K
  class space    used 3161K, capacity 3177K, committed 3200K, reserved 1048576K
GC Heap History (10 events):
Event: 1.832 GC heap before
{Heap before GC invocations=8 (full 2):
 PSYoungGen      total 26624K, used 1041K [0x00000000fab00000, 0x00000000fd700000, 0x0000000100000000)
  eden space 25088K, 0% used [0x00000000fab00000,0x00000000fab00000,0x00000000fc380000)
  from space 1536K, 67% used [0x00000000fd580000,0x00000000fd684618,0x00000000fd700000)
  to   space 9216K, 0% used [0x00000000fc500000,0x00000000fc500000,0x00000000fce00000)
 ParOldGen       total 44544K, used 23449K [0x00000000f0000000, 0x00000000f2b80000, 0x00000000fab00000)
  object space 44544K, 52% used [0x00000000f0000000,0x00000000f16e64c0,0x00000000f2b80000)
 Metaspace       used 19471K, capacity 19512K, committed 19712K, reserved 1067008K
  class space    used 2771K, capacity 2792K, committed 2816K, reserved 1048576K
Event: 1.951 GC heap after
Heap after GC invocations=8 (full 2):
 PSYoungGen      total 26624K, used 0K [0x00000000fab00000, 0x00000000fd700000, 0x0000000100000000)
  eden space 25088K, 0% used [0x00000000fab00000,0x00000000fab00000,0x00000000fc380000)
  from space 1536K, 0% used [0x00000000fd580000,0x00000000fd580000,0x00000000fd700000)
  to   space 9216K, 0% used [0x00000000fc500000,0x00000000fc500000,0x00000000fce00000)
 ParOldGen       total 44544K, used 24192K [0x00000000f0000000, 0x00000000f2b80000, 0x00000000fab00000)
  object space 44544K, 54% used [0x00000000f0000000,0x00000000f17a0118,0x00000000f2b80000)
 Metaspace       used 19471K, capacity 19512K, committed 19712K, reserved 1067008K
  class space    used 2771K, capacity 2792K, committed 2816K, reserved 1048576K
}
Event: 18.591 GC heap before
{Heap before GC invocations=9 (full 2):
 PSYoungGen      total 26624K, used 20748K [0x00000000fab00000, 0x00000000fd700000, 0x0000000100000000)
  eden space 25088K, 82% used [0x00000000fab00000,0x00000000fbf43290,0x00000000fc380000)
  from space 1536K, 0% used [0x00000000fd580000,0x00000000fd580000,0x00000000fd700000)
  to   space 9216K, 0% used [0x00000000fc500000,0x00000000fc500000,0x00000000fce00000)
 ParOldGen       total 44544K, used 24192K [0x00000000f0000000, 0x00000000f2b80000, 0x00000000fab00000)
  object space 44544K, 54% used [0x00000000f0000000,0x00000000f17a0118,0x00000000f2b80000)
 Metaspace       used 21451K, capacity 21470K, committed 21632K, reserved 1067008K
  class space    used 3133K, capacity 3145K, committed 3200K, reserved 1048576K
Event: 18.601 GC heap after
Heap after GC invocations=9 (full 2):
 PSYoungGen      total 33280K, used 8149K [0x00000000fab00000, 0x00000000fd780000, 0x0000000100000000)
  eden space 25088K, 0% used [0x00000000fab00000,0x00000000fab00000,0x00000000fc380000)
  from space 8192K, 99% used [0x00000000fc500000,0x00000000fccf5510,0x00000000fcd00000)
  to   space 10240K, 0% used [0x00000000fcd80000,0x00000000fcd80000,0x00000000fd780000)
 ParOldGen       total 44544K, used 24200K [0x00000000f0000000, 0x00000000f2b80000, 0x00000000fab00000)
  object space 44544K, 54% used [0x00000000f0000000,0x00000000f17a2118,0x00000000f2b80000)
 Metaspace       used 21451K, capacity 21470K, committed 21632K, reserved 1067008K
  class space    used 3133K, capacity 3145K, committed 3200K, reserved 1048576K
}
Event: 18.601 GC heap before
{Heap before GC invocations=10 (full 3):
 PSYoungGen      total 33280K, used 8149K [0x00000000fab00000, 0x00000000fd780000, 0x0000000100000000)
  eden space 25088K, 0% used [0x00000000fab00000,0x00000000fab00000,0x00000000fc380000)
  from space 8192K, 99% used [0x00000000fc500000,0x00000000fccf5510,0x00000000fcd00000)
  to   space 10240K, 0% used [0x00000000fcd80000,0x00000000fcd80000,0x00000000fd780000)
 ParOldGen       total 44544K, used 24200K [0x00000000f0000000, 0x00000000f2b80000, 0x00000000fab00000)
  object space 44544K, 54% used [0x00000000f0000000,0x00000000f17a2118,0x00000000f2b80000)
 Metaspace       used 21451K, capacity 21470K, committed 21632K, reserved 1067008K
  class space    used 3133K, capacity 3145K, committed 3200K, reserved 1048576K
Event: 18.741 GC heap after
Heap after GC invocations=10 (full 3):
 PSYoungGen      total 33280K, used 0K [0x00000000fab00000, 0x00000000fd780000, 0x0000000100000000)
  eden space 25088K, 0% used [0x00000000fab00000,0x00000000fab00000,0x00000000fc380000)
  from space 8192K, 0% used [0x00000000fc500000,0x00000000fc500000,0x00000000fcd00000)
  to   space 10240K, 0% used [0x00000000fcd80000,0x00000000fcd80000,0x00000000fd780000)
 ParOldGen       total 44544K, used 30181K [0x00000000f0000000, 0x00000000f2b80000, 0x00000000fab00000)
  object space 44544K, 67% used [0x00000000f0000000,0x00000000f1d79520,0x00000000f2b80000)
 Metaspace       used 21451K, capacity 21470K, committed 21632K, reserved 1067008K
  class space    used 3133K, capacity 3145K, committed 3200K, reserved 1048576K
}
Event: 195.803 GC heap before
{Heap before GC invocations=11 (full 3):
 PSYoungGen      total 33280K, used 1083K [0x00000000fab00000, 0x00000000fd780000, 0x0000000100000000)
  eden space 25088K, 4% used [0x00000000fab00000,0x00000000fac0ecd0,0x00000000fc380000)
  from space 8192K, 0% used [0x00000000fc500000,0x00000000fc500000,0x00000000fcd00000)
  to   space 10240K, 0% used [0x00000000fcd80000,0x00000000fcd80000,0x00000000fd780000)
 ParOldGen       total 44544K, used 30181K [0x00000000f0000000, 0x00000000f2b80000, 0x00000000fab00000)
  object space 44544K, 67% used [0x00000000f0000000,0x00000000f1d79520,0x00000000f2b80000)
 Metaspace       used 21555K, capacity 21630K, committed 21888K, reserved 1069056K
  class space    used 3161K, capacity 3177K, committed 3200K, reserved 1048576K
Event: 195.804 GC heap after
Heap after GC invocations=11 (full 3):
 PSYoungGen      total 34816K, used 208K [0x00000000fab00000, 0x00000000fd880000, 0x0000000100000000)
  eden space 24576K, 0% used [0x00000000fab00000,0x00000000fab00000,0x00000000fc300000)
  from space 10240K, 2% used [0x00000000fcd80000,0x00000000fcdb4010,0x00000000fd780000)
  to   space 10752K, 0% used [0x00000000fc300000,0x00000000fc300000,0x00000000fcd80000)
 ParOldGen       total 44544K, used 30189K [0x00000000f0000000, 0x00000000f2b80000, 0x00000000fab00000)
  object space 44544K, 67% used [0x00000000f0000000,0x00000000f1d7b520,0x00000000f2b80000)
 Metaspace       used 21555K, capacity 21630K, committed 21888K, reserved 1069056K
  class space    used 3161K, capacity 3177K, committed 3200K, reserved 1048576K
}
Event: 195.804 GC heap before
{Heap before GC invocations=12 (full 4):
 PSYoungGen      total 34816K, used 208K [0x00000000fab00000, 0x00000000fd880000, 0x0000000100000000)
  eden space 24576K, 0% used [0x00000000fab00000,0x00000000fab00000,0x00000000fc300000)
  from space 10240K, 2% used [0x00000000fcd80000,0x00000000fcdb4010,0x00000000fd780000)
  to   space 10752K, 0% used [0x00000000fc300000,0x00000000fc300000,0x00000000fcd80000)
 ParOldGen       total 44544K, used 30189K [0x00000000f0000000, 0x00000000f2b80000, 0x00000000fab00000)
  object space 44544K, 67% used [0x00000000f0000000,0x00000000f1d7b520,0x00000000f2b80000)
 Metaspace       used 21555K, capacity 21630K, committed 21888K, reserved 1069056K
  class space    used 3161K, capacity 3177K, committed 3200K, reserved 1048576K
Event: 195.864 GC heap after
Heap after GC invocations=12 (full 4):
 PSYoungGen      total 34816K, used 0K [0x00000000fab00000, 0x00000000fd880000, 0x0000000100000000)
  eden space 24576K, 0% used [0x00000000fab00000,0x00000000fab00000,0x00000000fc300000)
  from space 10240K, 0% used [0x00000000fcd80000,0x00000000fcd80000,0x00000000fd780000)
  to   space 10752K, 0% used [0x00000000fc300000,0x00000000fc300000,0x00000000fcd80000)
 ParOldGen       total 44544K, used 29255K [0x00000000f0000000, 0x00000000f2b80000, 0x00000000fab00000)
  object space 44544K, 65% used [0x00000000f0000000,0x00000000f1c91d80,0x00000000f2b80000)
 Metaspace       used 21555K, capacity 21630K, committed 21888K, reserved 1069056K
  class space    used 3161K, capacity 3177K, committed 3200K, reserved 1048576K
}

